--2025-08-18 15:07:36--  https://github.com/pjsip/pjproject/archive/refs/tags/2.13.1.tar.gz
Resolving github.com (github.com)... 20.205.243.166
Connecting to github.com (github.com)|20.205.243.166|:443... failed: Connection timed out.
Retrying.

--2025-08-18 15:09:48--  (try: 2)  https://github.com/pjsip/pjproject/archive/refs/tags/2.13.1.tar.gz
Connecting to github.com (github.com)|20.205.243.166|:443... failed: Connection timed out.
Retrying.

--2025-08-18 15:11:53--  (try: 3)  https://github.com/pjsip/pjproject/archive/refs/tags/2.13.1.tar.gz
Connecting to github.com (github.com)|20.205.243.166|:443... failed: Connection timed out.
Retrying.

--2025-08-18 15:14:09--  (try: 4)  https://github.com/pjsip/pjproject/archive/refs/tags/2.13.1.tar.gz
Connecting to github.com (github.com)|20.205.243.166|:443... connected.
HTTP request sent, awaiting response... 302 Found
Location: https://codeload.github.com/pjsip/pjproject/tar.gz/refs/tags/2.13.1 [following]
--2025-08-18 15:14:10--  https://codeload.github.com/pjsip/pjproject/tar.gz/refs/tags/2.13.1
Resolving codeload.github.com (codeload.github.com)... 20.205.243.165
Connecting to codeload.github.com (codeload.github.com)|20.205.243.165|:443... connected.
HTTP request sent, awaiting response... 200 OK
Length: unspecified [application/x-gzip]
Saving to: ‘/mnt/e/harm_lib/tpc_c_cplusplus/thirdparty/pjsip/pjsip-2.13.1.tar.gz’

     0K .......... .......... .......... .......... .......... 72.7K
    50K .......... .......... .......... .......... .......... 53.3K
   100K .......... .......... .......... .......... .......... 46.3K
   150K .......... .......... .......... .......... .......... 58.8K
   200K .......... .......... .......... .......... .......... 53.6K
   250K .......... .......... .......... .......... .......... 37.6K
   300K .......... .......... .......... .......... .......... 76.1K
   350K .......... .......... .......... .......... ..........  120K
   400K .......... .......... .......... .......... .......... 70.5K
   450K .......... .......... .......... .......... ..........  108K
   500K .......... .......... .......... .......... .......... 56.3K
   550K .......... .......... .......... .......... .......... 54.8K
   600K .......... .......... .......... .......... .......... 63.1K
   650K .......... .......... .......... .......... .......... 45.7K
   700K .......... .......... .......... .......... .......... 78.3K
   750K .......... .......... .......... .......... .......... 77.1K
   800K .......... .......... .......... .......... .......... 70.9K
   850K .......... .......... .......... .......... .......... 28.9K
   900K .......... .......... .......... .......... .......... 43.3K
   950K .......... .......... .......... .......... .......... 40.2K
  1000K .......... .......... .......... .......... .......... 33.7K
  1050K .......... .......... .......... .......... .......... 38.4K
  1100K .......... .......... .......... .......... .......... 84.2K
  1150K .......... .......... .......... .......... .......... 31.6K
  1200K .......... .......... .......... .......... .......... 43.1K
  1250K .......... .......... .......... .......... .......... 45.0K
  1300K .......... .......... .......... .......... .......... 45.3K
  1350K .......... .......... .......... .......... .......... 25.9K
  1400K .......... .......... .......... .......... .......... 52.8K
  1450K .......... .......... .......... .......... .......... 50.6K
  1500K .......... .......... .......... .......... .......... 62.0K
  1550K .......... .......... .......... .......... .......... 88.9K
  1600K .......... .......... .......... .......... .......... 78.1K
  1650K .......... .......... .......... .......... .......... 65.9K
  1700K .......... .......... .......... .......... .......... 56.3K
  1750K .......... .......... .......... .......... .......... 48.6K
  1800K .......... .......... .......... .......... .......... 41.1K
  1850K .......... .......... .......... .......... .......... 71.3K
  1900K .......... .......... .......... .......... .......... 55.5K
  1950K .......... .......... .......... .......... .......... 44.0K
  2000K .......... .......... .......... .......... .......... 38.2K
  2050K .......... .......... .......... .......... .......... 66.4K
  2100K .......... .......... .......... .......... .......... 63.2K
  2150K .......... .......... .......... .......... .......... 35.7K
  2200K .......... .......... .......... .......... .......... 26.5K
  2250K .......... .......... .......... .......... .......... 40.4K
  2300K .......... .......... .......... .......... .......... 27.4K
  2350K .......... .......... .......... .......... .......... 71.4K
  2400K .......... .......... .......... .......... .......... 49.7K
  2450K .......... .......... .......... .......... .......... 38.7K
  2500K .......... .......... .......... .......... .......... 42.9K
  2550K .......... .......... .......... .......... .......... 38.3K
  2600K .......... .......... .......... .......... .......... 58.1K
  2650K .......... .......... .......... .......... .......... 76.1K
  2700K .......... .......... .......... .......... .......... 82.1K
  2750K .......... .......... .......... .......... .......... 50.0K
  2800K .......... .......... .......... .......... .......... 32.1K
  2850K .......... .......... .......... .......... .......... 48.5K
  2900K .......... .......... .......... .......... .......... 29.8K
  2950K .......... .......... .......... .......... .......... 31.4K
  3000K .......... .......... .......... .......... .......... 33.5K
  3050K .......... .......... .......... .......... .......... 48.6K
  3100K .......... .......... .......... .......... .......... 43.7K
  3150K .......... .......... .......... .......... .......... 65.8K
  3200K .......... .......... .......... .......... .......... 51.8K
  3250K .......... .......... .......... .......... .......... 65.7K
  3300K .......... .......... .......... .......... .......... 42.7K
  3350K .......... .......... .......... .......... .......... 71.1K
  3400K .......... .......... .......... .......... .......... 59.0K
  3450K .......... .......... .......... .......... .......... 98.4K
  3500K .......... .......... .......... .......... .......... 45.6K
  3550K .......... .......... .......... .......... .......... 37.0K
  3600K .......... .......... .......... .......... .......... 41.7K
  3650K .......... .......... .......... .......... .......... 46.2K
  3700K .......... .......... .......... .......... .......... 66.0K
  3750K .......... .......... .......... .......... .......... 50.8K
  3800K .......... .......... .......... .......... .......... 60.3K
  3850K .......... .......... .......... .......... .......... 61.1K
  3900K .......... .......... .......... .......... .......... 33.4K
  3950K .......... .......... .......... .......... .......... 56.5K
  4000K .......... .......... .......... .......... .......... 87.0K
  4050K .......... .......... .......... .......... .......... 56.2K
  4100K .......... .......... .......... .......... .......... 87.0K
  4150K .......... .......... .......... .......... .......... 74.7K
  4200K .......... .......... .......... .......... .......... 78.3K
  4250K .......... .......... .......... .......... .......... 31.0K
  4300K .......... .......... .......... .......... .......... 58.2K
  4350K .......... .......... .......... .......... .......... 84.1K
  4400K .......... .......... .......... .......... .......... 75.6K
  4450K .......... .......... .......... .......... .......... 73.9K
  4500K .......... .......... .......... .......... .......... 50.5K
  4550K .......... .......... .......... .......... .......... 72.5K
  4600K .......... .......... .......... .......... .......... 77.2K
  4650K .......... .......... .......... .......... .......... 64.0K
  4700K .......... .......... .......... .......... .......... 50.6K
  4750K .......... .......... .......... .......... .......... 74.9K
  4800K .......... .......... .......... .......... .......... 71.3K
  4850K .......... .......... .......... .......... .......... 68.4K
  4900K .......... .......... .......... .......... .......... 70.1K
  4950K .......... .......... .......... .......... .......... 87.7K
  5000K .......... .......... .......... .......... ..........  103K
  5050K .......... .......... .......... .......... .......... 88.9K
  5100K .......... .......... .......... .......... .......... 65.6K
  5150K .......... .......... .......... .......... .......... 62.1K
  5200K .......... .......... .......... .......... .......... 67.1K
  5250K .......... .......... .......... .......... .......... 86.2K
  5300K .......... .......... .......... .......... .......... 74.5K
  5350K .......... .......... .......... .......... .......... 75.4K
  5400K .......... .......... .......... .......... .......... 81.4K
  5450K .......... .......... .......... .......... .......... 63.1K
  5500K .......... .......... .......... .......... .......... 54.1K
  5550K .......... .......... .......... .......... .......... 55.3K
  5600K .......... .......... .......... .......... .......... 75.8K
  5650K .......... .......... .......... .......... .......... 57.7K
  5700K .......... .......... .......... .......... .......... 64.7K
  5750K .......... .......... .......... .......... .......... 97.8K
  5800K .......... .......... .......... .......... .......... 74.3K
  5850K .......... .......... .......... .......... .......... 55.1K
  5900K .......... .......... .......... .......... .......... 29.9K
  5950K .......... .......... .......... .......... .......... 38.1K
  6000K .......... .......... .......... .......... .......... 52.6K
  6050K .......... .......... .......... .......... .......... 56.1K
  6100K .......... .......... .......... .......... .......... 71.3K
  6150K .......... .......... .......... .......... .......... 63.2K
  6200K .......... .......... .......... .......... .......... 43.3K
  6250K .......... .......... .......... .......... .......... 47.4K
  6300K .......... .......... .......... .......... .......... 87.6K
  6350K .......... .......... .......... .......... .......... 98.5K
  6400K .......... .......... .......... .......... ..........  105K
  6450K .......... .......... .......... .......... .......... 65.6K
  6500K .......... .......... .......... .......... .......... 59.7K
  6550K .......... .......... .......... .......... .......... 70.1K
  6600K .......... .......... .......... .......... .......... 96.1K
  6650K .......... .......... .......... .......... ..........  104K
  6700K .......... .......... .......... .......... .......... 96.5K
  6750K .......... .......... .......... .......... ..........  103K
  6800K .......... .......... .......... .......... ..........  126K
  6850K .......... .......... .......... .......... ..........  119K
  6900K .......... .......... .......... .......... ..........  187K
  6950K .......... .......... .......... .......... .......... 94.8K
  7000K .......... .......... .......... .......... .......... 98.7K
  7050K .......... .......... .......... .......... ..........  115K
  7100K .......... .......... .......... .......... ..........  117K
  7150K .......... .......... .......... .......... .......... 98.6K
  7200K .......... .......... .......... .......... ..........  108K
  7250K .......... .......... .......... .......... ..........  153K
  7300K .......... .......... .......... .......... ..........  106K
  7350K .......... .......... .......... .......... ..........  100K
  7400K .......... .......... .......... .......... .......... 45.6K
  7450K .......... .......... .......... .......... .......... 87.8K
  7500K .......... .......... .......... .......... .......... 79.5K
  7550K .......... .......... .......... .......... .......... 71.6K
  7600K .......... .......... .......... .......... .......... 42.8K
  7650K .......... .......... .......... .......... .......... 89.1K
  7700K .......... .......... .......... .......... ..........  118K
  7750K .......... .......... .......... .......... .......... 67.8K
  7800K .......... .......... .......... .......... .......... 61.7K
  7850K .......... .......... .......... .......... .......... 49.3K
  7900K .......... .......... .......... .......... .......... 49.4K
  7950K .......... .......... .......... .......... .......... 64.1K
  8000K .......... .......... .......... .......... .......... 81.4K
  8050K .......... .......... .......... .......... .......... 51.8K
  8100K .......... .......... .......... .......... .......... 67.5K
  8150K .......... .......... .......... .......... .......... 54.1K
  8200K .......... .......... .......... .......... .......... 81.0K
  8250K .......... .......... .......... .......... .......... 42.4K
  8300K .......... .......... .......... .......... .......... 37.0K
  8350K .......... .......... .......... .......... .......... 76.9K
  8400K .......... .......... .......... .......... .......... 90.1K
  8450K .......... .......... .......... .......... .......... 76.9K
  8500K .......... .......... .......... .......... .......... 66.9K
  8550K .......... .......... .......... .......... .......... 49.0K
  8600K .......... .......... .......... .......... .......... 65.6K
  8650K .......... .......... .......... .......... ..........  130K
  8700K .......... .......... .......... .......... .......... 76.0K
  8750K .......... .......... .......... .......... ..........  268K
  8800K .......... .......... .......... .......... ..........  126K
  8850K .......... .......... .......... .......... ..........  137K
  8900K .......... .......... .......... .......... ..........  180K
  8950K .......... .......... .......... .......... ..........  158K
  9000K .......... .......... .......... .......... ..........  136K
  9050K .......... .......... .......... .......... ..........  176K
  9100K .......... .......... .......... .......... ..........  179K
  9150K .......... .......... .......... .......... ..........  222K
  9200K .......... .......... .......... .......... ..........  147K
  9250K .......... .......... .......... .......... ..........  135K
  9300K .......... .......... .......... .......... ..........  115K
  9350K .......... .......... .......... .......... .......... 95.3K
  9400K .......... .......... .......... .......... ..........  163K
  9450K .......... .......... .......... .......... .......... 94.3K
  9500K .......... ........                                    82.3K=2m37s

2025-08-18 15:16:44 (60.7 KB/s) - ‘/mnt/e/harm_lib/tpc_c_cplusplus/thirdparty/pjsip/pjsip-2.13.1.tar.gz’ saved [9746437]

